Flow report for processador_mips_uniciclo
Mon May 11 16:09:17 2020
Quartus Prime Version 18.1.0 Build 625 09/12/2018 SJ Lite Edition


---------------------
; Table of Contents ;
---------------------
  1. Legal Notice
  2. Flow Summary
  3. Flow Settings
  4. Flow Non-Default Global Settings
  5. Flow Elapsed Time
  6. Flow OS Summary
  7. Flow Log
  8. Flow Messages
  9. Flow Suppressed Messages



----------------
; Legal Notice ;
----------------
Copyright (C) 2018  Intel Corporation. All rights reserved.
Your use of Intel Corporation's design tools, logic functions 
and other software and tools, and its AMPP partner logic 
functions, and any output files from any of the foregoing 
(including device programming or simulation files), and any 
associated documentation or information are expressly subject 
to the terms and conditions of the Intel Program License 
Subscription Agreement, the Intel Quartus Prime License Agreement,
the Intel FPGA IP License Agreement, or other applicable license
agreement, including, without limitation, that your use is for
the sole purpose of programming logic devices manufactured by
Intel and sold by Intel or its authorized distributors.  Please
refer to the applicable agreement for further details.



+----------------------------------------------------------------------------------+
; Flow Summary                                                                     ;
+------------------------------------+---------------------------------------------+
; Flow Status                        ; Successful - Mon May 11 16:09:12 2020       ;
; Quartus Prime Version              ; 18.1.0 Build 625 09/12/2018 SJ Lite Edition ;
; Revision Name                      ; processador_mips_uniciclo                   ;
; Top-level Entity Name              ; CPU                                         ;
; Family                             ; Cyclone IV E                                ;
; Device                             ; EP4CE115F29C7                               ;
; Timing Models                      ; Final                                       ;
; Total logic elements               ; 1,135 / 114,480 ( < 1 % )                   ;
;     Total combinational functions  ; 1,123 / 114,480 ( < 1 % )                   ;
;     Dedicated logic registers      ; 165 / 114,480 ( < 1 % )                     ;
; Total registers                    ; 165                                         ;
; Total pins                         ; 78 / 529 ( 15 % )                           ;
; Total virtual pins                 ; 0                                           ;
; Total memory bits                  ; 8,192 / 3,981,312 ( < 1 % )                 ;
; Embedded Multiplier 9-bit elements ; 0 / 532 ( 0 % )                             ;
; Total PLLs                         ; 0 / 4 ( 0 % )                               ;
+------------------------------------+---------------------------------------------+


+-----------------------------------------------+
; Flow Settings                                 ;
+-------------------+---------------------------+
; Option            ; Setting                   ;
+-------------------+---------------------------+
; Start date & time ; 05/11/2020 16:08:43       ;
; Main task         ; Compilation               ;
; Revision Name     ; processador_mips_uniciclo ;
+-------------------+---------------------------+


+-------------------------------------------------------------------------------------------------------------------------------------+
; Flow Non-Default Global Settings                                                                                                    ;
+-------------------------------------+----------------------------------------+---------------------------+-------------+------------+
; Assignment Name                     ; Value                                  ; Default Value             ; Entity Name ; Section Id ;
+-------------------------------------+----------------------------------------+---------------------------+-------------+------------+
; COMPILER_SIGNATURE_ID               ; 123719795786080.158922412216368        ; --                        ; --          ; --         ;
; MAX_CORE_JUNCTION_TEMP              ; 85                                     ; --                        ; --          ; --         ;
; MIN_CORE_JUNCTION_TEMP              ; 0                                      ; --                        ; --          ; --         ;
; NUM_PARALLEL_PROCESSORS             ; All                                    ; --                        ; --          ; --         ;
; PARTITION_COLOR                     ; -- (Not supported for targeted family) ; --                        ; CPU         ; Top        ;
; PARTITION_FITTER_PRESERVATION_LEVEL ; -- (Not supported for targeted family) ; --                        ; CPU         ; Top        ;
; PARTITION_NETLIST_TYPE              ; -- (Not supported for targeted family) ; --                        ; CPU         ; Top        ;
; POWER_BOARD_THERMAL_MODEL           ; None (CONSERVATIVE)                    ; --                        ; --          ; --         ;
; POWER_PRESET_COOLING_SOLUTION       ; 23 MM HEAT SINK WITH 200 LFPM AIRFLOW  ; --                        ; --          ; --         ;
; PROJECT_OUTPUT_DIRECTORY            ; output_files                           ; --                        ; --          ; --         ;
; SMART_RECOMPILE                     ; On                                     ; Off                       ; --          ; --         ;
; TOP_LEVEL_ENTITY                    ; CPU                                    ; processador_mips_uniciclo ; --          ; --         ;
+-------------------------------------+----------------------------------------+---------------------------+-------------+------------+


+--------------------------------------------------------------------------------------------------------------------------+
; Flow Elapsed Time                                                                                                        ;
+----------------------+--------------+-------------------------+---------------------+------------------------------------+
; Module Name          ; Elapsed Time ; Average Processors Used ; Peak Virtual Memory ; Total CPU Time (on all processors) ;
+----------------------+--------------+-------------------------+---------------------+------------------------------------+
; Analysis & Synthesis ; 00:00:12     ; 1.0                     ; 4804 MB             ; 00:00:21                           ;
; Fitter               ; 00:00:13     ; 1.0                     ; 5841 MB             ; 00:00:23                           ;
; Assembler            ; 00:00:02     ; 1.0                     ; 4681 MB             ; 00:00:03                           ;
; Timing Analyzer      ; 00:00:04     ; 1.0                     ; 4870 MB             ; 00:00:02                           ;
; Total                ; 00:00:31     ; --                      ; --                  ; 00:00:49                           ;
+----------------------+--------------+-------------------------+---------------------+------------------------------------+


+------------------------------------------------------------------------------------+
; Flow OS Summary                                                                    ;
+----------------------+------------------+------------+------------+----------------+
; Module Name          ; Machine Hostname ; OS Name    ; OS Version ; Processor type ;
+----------------------+------------------+------------+------------+----------------+
; Analysis & Synthesis ; DESKTOP-V855CDS  ; Windows 10 ; 10.0       ; x86_64         ;
; Fitter               ; DESKTOP-V855CDS  ; Windows 10 ; 10.0       ; x86_64         ;
; Assembler            ; DESKTOP-V855CDS  ; Windows 10 ; 10.0       ; x86_64         ;
; Timing Analyzer      ; DESKTOP-V855CDS  ; Windows 10 ; 10.0       ; x86_64         ;
+----------------------+------------------+------------+------------+----------------+


------------
; Flow Log ;
------------
quartus_map --read_settings_files=on --write_settings_files=off processador_mips_uniciclo -c processador_mips_uniciclo
quartus_fit --read_settings_files=off --write_settings_files=off processador_mips_uniciclo -c processador_mips_uniciclo
quartus_asm --read_settings_files=off --write_settings_files=off processador_mips_uniciclo -c processador_mips_uniciclo
quartus_sta processador_mips_uniciclo -c processador_mips_uniciclo



